2025-10-24 20:44:09,087 - root - ERROR - RoE validation failed. Cannot proceed in active mode.
2025-10-24 20:45:54,740 - root - ERROR - RoE validation failed. Cannot proceed in active mode.
2025-10-24 20:53:19,971 - root - ERROR - RoE validation failed. Cannot proceed in active mode.
2025-10-24 21:00:59,004 - root - ERROR - RoE validation failed. Cannot proceed in active mode.
2025-10-24 21:06:18,575 - root - ERROR - RoE validation failed. Cannot proceed in active mode.
2025-10-24 21:06:54,445 - root - ERROR - RoE validation failed. Cannot proceed in active mode.
2025-10-24 21:07:53,523 - root - INFO - Generated new credential salt
2025-10-24 21:08:22,792 - root - INFO - Generated new audit signing key
2025-10-24 21:08:22,794 - root - INFO - Production CVE Framework v4.2 Safety-First Edition initialized [Mode: scan]
2025-10-24 21:08:22,798 - root - INFO - Starting scan of 1 targets in scan mode
2025-10-24 21:08:22,826 - root - INFO - Performing target intelligence gathering...
2025-10-24 21:08:24,286 - root - INFO - Target http://testphp.vulnweb.com:80: Nginx, Unknown, PHP
2025-10-24 21:08:24,312 - root - INFO - [ML Advisory] Predicted success for CVE-2024-SQL_INJECTION on http://testphp.vulnweb.com:80: 70.00%
2025-10-24 21:08:24,313 - root - INFO - [ML Advisory] Predicted success for CVE-2024-COMMAND_INJECTION on http://testphp.vulnweb.com:80: 70.00%
2025-10-24 21:08:24,315 - root - INFO - Executing 2 tasks in scan mode...
2025-10-24 21:08:24,354 - root - INFO - Adaptive learning updated: 0 patterns learned
2025-10-24 21:08:24,392 - root - INFO - Scan completed: 2 results in 0.00s
2025-10-24 21:08:24,396 - root - ERROR - Framework error: Object of type ExploitStatus is not JSON serializable
2025-10-24 21:08:24,400 - root - INFO - Final Metrics: {
  "execution": {
    "total_executions": 2,
    "successful": 2,
    "failed": 0,
    "timeouts": 0,
    "blocked": 0
  },
  "performance": {
    "total_requests": 2,
    "successful_requests": 0,
    "failed_requests": 2,
    "avg_response_time": 2.4199485778808594e-05,
    "requests_per_second": 1.241891997620535
  },
  "business_kpis": {
    "total_vulnerabilities": 0,
    "targets_scanned": 1,
    "critical_findings": 0,
    "avg_time_to_remediate": 0.0,
    "coverage_percentage": 75.0
  },
  "health": {
    "status": "degraded",
    "uptime_seconds": 1.610865,
    "uptime_hours": 0.0004474625,
    "performance_score": 50.0,
    "error_rate": 1.0,
    "throughput": 1.241891997620535,
    "last_updated": "2025-10-24T15:38:24.399215"
  },
  "memory": {
    "cache_size_mb": 6.103515625e-05,
    "cache_entries": 0,
    "memory_limit_mb": 2048
  },
  "framework": {
    "version": "4.1.0",
    "available_exploits": 2,
    "ml_enabled": true,
    "evasion_enabled": false,
    "compliance_frameworks": 5,
    "active_schedules": 0,
    "cached_results": 0
  },
  "alerts": [
    {
      "type": "high_error_rate",
      "severity": "warning",
      "message": "Error rate 100.0% exceeds threshold 15.0%",
      "timestamp": "2025-10-24T15:38:24.400033"
    }
  ]
}
2025-10-24 21:08:24,401 - root - INFO - Framework shutdown complete
