2025-10-24 20:44:09,087 - root - ERROR - RoE validation failed. Cannot proceed in active mode.
2025-10-24 20:45:54,740 - root - ERROR - RoE validation failed. Cannot proceed in active mode.
2025-10-24 20:53:19,971 - root - ERROR - RoE validation failed. Cannot proceed in active mode.
2025-10-24 21:00:59,004 - root - ERROR - RoE validation failed. Cannot proceed in active mode.
2025-10-24 21:06:18,575 - root - ERROR - RoE validation failed. Cannot proceed in active mode.
2025-10-24 21:06:54,445 - root - ERROR - RoE validation failed. Cannot proceed in active mode.
2025-10-24 21:07:53,523 - root - INFO - Generated new credential salt
2025-10-24 21:08:22,792 - root - INFO - Generated new audit signing key
2025-10-24 21:08:22,794 - root - INFO - Production CVE Framework v4.2 Safety-First Edition initialized [Mode: scan]
2025-10-24 21:08:22,798 - root - INFO - Starting scan of 1 targets in scan mode
2025-10-24 21:08:22,826 - root - INFO - Performing target intelligence gathering...
2025-10-24 21:08:24,286 - root - INFO - Target http://testphp.vulnweb.com:80: Nginx, Unknown, PHP
2025-10-24 21:08:24,312 - root - INFO - [ML Advisory] Predicted success for CVE-2024-SQL_INJECTION on http://testphp.vulnweb.com:80: 70.00%
2025-10-24 21:08:24,313 - root - INFO - [ML Advisory] Predicted success for CVE-2024-COMMAND_INJECTION on http://testphp.vulnweb.com:80: 70.00%
2025-10-24 21:08:24,315 - root - INFO - Executing 2 tasks in scan mode...
2025-10-24 21:08:24,354 - root - INFO - Adaptive learning updated: 0 patterns learned
2025-10-24 21:08:24,392 - root - INFO - Scan completed: 2 results in 0.00s
2025-10-24 21:08:24,396 - root - ERROR - Framework error: Object of type ExploitStatus is not JSON serializable
2025-10-24 21:08:24,400 - root - INFO - Final Metrics: {
  "execution": {
    "total_executions": 2,
    "successful": 2,
    "failed": 0,
    "timeouts": 0,
    "blocked": 0
  },
  "performance": {
    "total_requests": 2,
    "successful_requests": 0,
    "failed_requests": 2,
    "avg_response_time": 2.4199485778808594e-05,
    "requests_per_second": 1.241891997620535
  },
  "business_kpis": {
    "total_vulnerabilities": 0,
    "targets_scanned": 1,
    "critical_findings": 0,
    "avg_time_to_remediate": 0.0,
    "coverage_percentage": 75.0
  },
  "health": {
    "status": "degraded",
    "uptime_seconds": 1.610865,
    "uptime_hours": 0.0004474625,
    "performance_score": 50.0,
    "error_rate": 1.0,
    "throughput": 1.241891997620535,
    "last_updated": "2025-10-24T15:38:24.399215"
  },
  "memory": {
    "cache_size_mb": 6.103515625e-05,
    "cache_entries": 0,
    "memory_limit_mb": 2048
  },
  "framework": {
    "version": "4.1.0",
    "available_exploits": 2,
    "ml_enabled": true,
    "evasion_enabled": false,
    "compliance_frameworks": 5,
    "active_schedules": 0,
    "cached_results": 0
  },
  "alerts": [
    {
      "type": "high_error_rate",
      "severity": "warning",
      "message": "Error rate 100.0% exceeds threshold 15.0%",
      "timestamp": "2025-10-24T15:38:24.400033"
    }
  ]
}
2025-10-24 21:08:24,401 - root - INFO - Framework shutdown complete
2025-10-28 18:40:57,789 - root - INFO - Running in automated probe mode - No RoE validation required
2025-10-28 18:41:09,010 - root - INFO - Production CVE Framework v4.3 Automated Edition initialized [Mode: probe]
2025-10-28 18:41:47,544 - root - INFO - Running in automated probe mode - No RoE validation required
2025-10-28 18:42:22,866 - root - INFO - Running in automated probe mode - No RoE validation required
2025-10-28 18:42:23,044 - root - INFO - Production CVE Framework v4.3 Automated Edition initialized [Mode: probe]
2025-10-28 18:42:23,045 - root - ERROR - Framework error: 'charmap' codec can't encode character '\u26a1' in position 2: character maps to <undefined>
2025-10-28 18:42:23,045 - root - INFO - Final Metrics: {
  "execution": {
    "total_executions": 0,
    "successful": 0,
    "failed": 0,
    "timeouts": 0,
    "blocked": 0
  },
  "performance": {
    "total_requests": 0,
    "successful_requests": 0,
    "failed_requests": 0,
    "avg_response_time": 0.0,
    "requests_per_second": 0.0
  },
  "business_kpis": {
    "total_vulnerabilities": 0,
    "targets_scanned": 0,
    "critical_findings": 0,
    "avg_time_to_remediate": 0.0,
    "coverage_percentage": 75.0
  },
  "health": {
    "status": "healthy",
    "uptime_seconds": 0.031325,
    "uptime_hours": 8.701388888888889e-06,
    "performance_score": 100.0,
    "error_rate": 0.0,
    "throughput": 0.0,
    "last_updated": "2025-10-28T13:12:23.045536"
  },
  "memory": {
    "cache_size_mb": 6.103515625e-05,
    "cache_entries": 0,
    "memory_limit_mb": 2048
  },
  "framework": {
    "version": "4.1.0",
    "available_exploits": 2,
    "ml_enabled": true,
    "evasion_enabled": false,
    "compliance_frameworks": 5,
    "active_schedules": 0,
    "cached_results": 0
  },
  "alerts": []
}
2025-10-28 18:42:23,046 - root - INFO - Framework shutdown complete
2025-10-28 18:42:39,749 - root - INFO - Running in automated probe mode - No RoE validation required
2025-10-28 18:42:39,900 - root - INFO - Production CVE Framework v4.3 Automated Edition initialized [Mode: probe]
2025-10-28 18:42:53,022 - root - INFO - Running in automated probe mode - No RoE validation required
2025-10-28 18:42:53,189 - root - INFO - Production CVE Framework v4.3 Automated Edition initialized [Mode: probe]
2025-10-28 18:42:53,199 - root - INFO - Final Metrics: {
  "execution": {
    "total_executions": 0,
    "successful": 0,
    "failed": 0,
    "timeouts": 0,
    "blocked": 0
  },
  "performance": {
    "total_requests": 0,
    "successful_requests": 0,
    "failed_requests": 0,
    "avg_response_time": 0.0,
    "requests_per_second": 0.0
  },
  "business_kpis": {
    "total_vulnerabilities": 0,
    "targets_scanned": 0,
    "critical_findings": 0,
    "avg_time_to_remediate": 0.0,
    "coverage_percentage": 75.0
  },
  "health": {
    "status": "healthy",
    "uptime_seconds": 0.041341,
    "uptime_hours": 1.1483611111111112e-05,
    "performance_score": 100.0,
    "error_rate": 0.0,
    "throughput": 0.0,
    "last_updated": "2025-10-28T13:12:53.198921"
  },
  "memory": {
    "cache_size_mb": 6.103515625e-05,
    "cache_entries": 0,
    "memory_limit_mb": 2048
  },
  "framework": {
    "version": "4.1.0",
    "available_exploits": 2,
    "ml_enabled": true,
    "evasion_enabled": false,
    "compliance_frameworks": 5,
    "active_schedules": 0,
    "cached_results": 0
  },
  "alerts": []
}
2025-10-28 18:42:53,200 - root - INFO - Framework shutdown complete
2025-10-28 18:43:08,430 - root - INFO - Running in automated probe mode - No RoE validation required
2025-10-28 18:43:08,584 - root - INFO - Production CVE Framework v4.3 Automated Edition initialized [Mode: probe]
2025-10-28 18:43:08,589 - root - INFO - Final Metrics: {
  "execution": {
    "total_executions": 0,
    "successful": 0,
    "failed": 0,
    "timeouts": 0,
    "blocked": 0
  },
  "performance": {
    "total_requests": 0,
    "successful_requests": 0,
    "failed_requests": 0,
    "avg_response_time": 0.0,
    "requests_per_second": 0.0
  },
  "business_kpis": {
    "total_vulnerabilities": 0,
    "targets_scanned": 0,
    "critical_findings": 0,
    "avg_time_to_remediate": 0.0,
    "coverage_percentage": 75.0
  },
  "health": {
    "status": "healthy",
    "uptime_seconds": 0.028343,
    "uptime_hours": 7.873055555555555e-06,
    "performance_score": 100.0,
    "error_rate": 0.0,
    "throughput": 0.0,
    "last_updated": "2025-10-28T13:13:08.588859"
  },
  "memory": {
    "cache_size_mb": 6.103515625e-05,
    "cache_entries": 0,
    "memory_limit_mb": 2048
  },
  "framework": {
    "version": "4.1.0",
    "available_exploits": 2,
    "ml_enabled": true,
    "evasion_enabled": false,
    "compliance_frameworks": 5,
    "active_schedules": 0,
    "cached_results": 0
  },
  "alerts": []
}
2025-10-28 18:43:08,592 - root - INFO - Framework shutdown complete
2025-10-28 18:43:44,663 - root - INFO - Running in automated probe mode - No RoE validation required
2025-10-28 18:43:44,824 - root - INFO - Production CVE Framework v4.3 Automated Edition initialized [Mode: probe]
2025-10-28 18:43:44,827 - root - INFO - Final Metrics: {
  "execution": {
    "total_executions": 0,
    "successful": 0,
    "failed": 0,
    "timeouts": 0,
    "blocked": 0
  },
  "performance": {
    "total_requests": 0,
    "successful_requests": 0,
    "failed_requests": 0,
    "avg_response_time": 0.0,
    "requests_per_second": 0.0
  },
  "business_kpis": {
    "total_vulnerabilities": 0,
    "targets_scanned": 0,
    "critical_findings": 0,
    "avg_time_to_remediate": 0.0,
    "coverage_percentage": 75.0
  },
  "health": {
    "status": "healthy",
    "uptime_seconds": 0.041888,
    "uptime_hours": 1.1635555555555555e-05,
    "performance_score": 100.0,
    "error_rate": 0.0,
    "throughput": 0.0,
    "last_updated": "2025-10-28T13:13:44.827846"
  },
  "memory": {
    "cache_size_mb": 6.103515625e-05,
    "cache_entries": 0,
    "memory_limit_mb": 2048
  },
  "framework": {
    "version": "4.1.0",
    "available_exploits": 2,
    "ml_enabled": true,
    "evasion_enabled": false,
    "compliance_frameworks": 5,
    "active_schedules": 0,
    "cached_results": 0
  },
  "alerts": []
}
2025-10-28 18:43:44,828 - root - INFO - Framework shutdown complete
2025-10-28 18:44:38,664 - root - INFO - Running in automated exploit mode - No RoE validation required
2025-10-28 18:44:38,830 - root - INFO - Production CVE Framework v4.3 Automated Edition initialized [Mode: exploit]
2025-10-28 18:44:38,832 - root - INFO - Starting scan of 1 targets in exploit mode
2025-10-28 18:44:38,854 - root - INFO - Performing target intelligence gathering...
2025-10-28 18:44:41,431 - root - INFO - Target http://testphp.vulnweb.com/:80: Nginx, Unknown, Unknown
2025-10-28 18:44:41,460 - root - INFO - [ML Advisory] Predicted success for CVE-2024-SQL_INJECTION on http://testphp.vulnweb.com/:80: 70.00%
2025-10-28 18:44:41,461 - root - INFO - [ML Advisory] Predicted success for CVE-2024-COMMAND_INJECTION on http://testphp.vulnweb.com/:80: 70.00%
2025-10-28 18:44:41,462 - root - INFO - Executing 2 tasks in exploit mode...
2025-10-28 18:44:42,866 - root - INFO - Adaptive learning updated: 0 patterns learned
2025-10-28 18:44:42,886 - root - INFO - Scan completed: 2 results in 1.38s
2025-10-28 18:44:42,941 - root - ERROR - Framework error: Object of type ExploitStatus is not JSON serializable
2025-10-28 18:44:42,948 - root - INFO - Final Metrics: {
  "execution": {
    "total_executions": 2,
    "successful": 2,
    "failed": 0,
    "timeouts": 0,
    "blocked": 0
  },
  "performance": {
    "total_requests": 2,
    "successful_requests": 0,
    "failed_requests": 2,
    "avg_response_time": 1.373923420906067,
    "requests_per_second": 0.4830696175779373
  },
  "business_kpis": {
    "total_vulnerabilities": 0,
    "targets_scanned": 1,
    "critical_findings": 0,
    "avg_time_to_remediate": 0.0,
    "coverage_percentage": 75.0
  },
  "health": {
    "status": "degraded",
    "uptime_seconds": 4.141019,
    "uptime_hours": 0.0011502830555555556,
    "performance_score": 50.0,
    "error_rate": 1.0,
    "throughput": 0.4830696175779373,
    "last_updated": "2025-10-28T13:14:42.947386"
  },
  "memory": {
    "cache_size_mb": 6.103515625e-05,
    "cache_entries": 0,
    "memory_limit_mb": 2048
  },
  "framework": {
    "version": "4.1.0",
    "available_exploits": 2,
    "ml_enabled": true,
    "evasion_enabled": false,
    "compliance_frameworks": 5,
    "active_schedules": 0,
    "cached_results": 0
  },
  "alerts": [
    {
      "type": "high_error_rate",
      "severity": "warning",
      "message": "Error rate 100.0% exceeds threshold 15.0%",
      "timestamp": "2025-10-28T13:14:42.948220"
    }
  ]
}
2025-10-28 18:44:42,950 - root - INFO - Framework shutdown complete
2025-10-28 18:45:05,659 - root - INFO - Running in automated exploit mode - No RoE validation required
2025-10-28 18:45:05,815 - root - INFO - Production CVE Framework v4.3 Automated Edition initialized [Mode: exploit]
2025-10-28 18:45:05,816 - root - INFO - Starting scan of 1 targets in exploit mode
2025-10-28 18:45:05,842 - root - INFO - Performing target intelligence gathering...
2025-10-28 18:45:08,229 - root - INFO - Target http://testphp.vulnweb.com/:80: Nginx, Unknown, Unknown
2025-10-28 18:45:08,253 - root - INFO - [ML Advisory] Predicted success for CVE-2024-SQL_INJECTION on http://testphp.vulnweb.com/:80: 70.00%
2025-10-28 18:45:08,254 - root - INFO - [ML Advisory] Predicted success for CVE-2024-COMMAND_INJECTION on http://testphp.vulnweb.com/:80: 70.00%
2025-10-28 18:45:08,255 - root - INFO - Executing 2 tasks in exploit mode...
2025-10-28 18:45:09,694 - root - INFO - Adaptive learning updated: 0 patterns learned
2025-10-28 18:45:09,711 - root - INFO - Scan completed: 2 results in 1.41s
2025-10-28 18:45:09,732 - root - ERROR - Framework error: Object of type ExploitStatus is not JSON serializable
2025-10-28 18:45:09,734 - root - INFO - Final Metrics: {
  "execution": {
    "total_executions": 2,
    "successful": 2,
    "failed": 0,
    "timeouts": 0,
    "blocked": 0
  },
  "performance": {
    "total_requests": 2,
    "successful_requests": 0,
    "failed_requests": 2,
    "avg_response_time": 1.4041708707809448,
    "requests_per_second": 0.5065276214577257
  },
  "business_kpis": {
    "total_vulnerabilities": 0,
    "targets_scanned": 1,
    "critical_findings": 0,
    "avg_time_to_remediate": 0.0,
    "coverage_percentage": 75.0
  },
  "health": {
    "status": "degraded",
    "uptime_seconds": 3.948487,
    "uptime_hours": 0.0010968019444444444,
    "performance_score": 50.0,
    "error_rate": 1.0,
    "throughput": 0.5065276214577257,
    "last_updated": "2025-10-28T13:15:09.734539+00:00"
  },
  "memory": {
    "cache_size_mb": 6.103515625e-05,
    "cache_entries": 0,
    "memory_limit_mb": 2048
  },
  "framework": {
    "version": "4.1.0",
    "available_exploits": 2,
    "ml_enabled": true,
    "evasion_enabled": false,
    "compliance_frameworks": 5,
    "active_schedules": 0,
    "cached_results": 0
  },
  "alerts": [
    {
      "type": "high_error_rate",
      "severity": "warning",
      "message": "Error rate 100.0% exceeds threshold 15.0%",
      "timestamp": "2025-10-28T13:15:09.734598+00:00"
    }
  ]
}
2025-10-28 18:45:09,735 - root - INFO - Framework shutdown complete
2025-10-28 18:45:15,717 - root - INFO - Running in automated scan mode - No RoE validation required
2025-10-28 18:45:15,886 - root - INFO - Production CVE Framework v4.3 Automated Edition initialized [Mode: scan]
2025-10-28 18:45:15,889 - root - INFO - Starting scan of 1 targets in scan mode
2025-10-28 18:45:15,931 - root - INFO - Performing target intelligence gathering...
2025-10-28 18:45:17,337 - root - INFO - Target http://testphp.vulnweb.com:80: Nginx, Unknown, PHP
2025-10-28 18:45:17,387 - root - INFO - [ML Advisory] Predicted success for CVE-2024-SQL_INJECTION on http://testphp.vulnweb.com:80: 70.00%
2025-10-28 18:45:17,388 - root - INFO - Executing 1 tasks in scan mode...
2025-10-28 18:45:17,424 - root - INFO - Adaptive learning updated: 0 patterns learned
2025-10-28 18:45:17,454 - root - INFO - Scan completed: 1 results in 0.00s
2025-10-28 18:45:17,482 - root - ERROR - Framework error: Object of type ExploitStatus is not JSON serializable
2025-10-28 18:45:17,484 - root - INFO - Final Metrics: {
  "execution": {
    "total_executions": 1,
    "successful": 1,
    "failed": 0,
    "timeouts": 0,
    "blocked": 0
  },
  "performance": {
    "total_requests": 1,
    "successful_requests": 0,
    "failed_requests": 1,
    "avg_response_time": 2.6941299438476562e-05,
    "requests_per_second": 0.614147627578422
  },
  "business_kpis": {
    "total_vulnerabilities": 0,
    "targets_scanned": 1,
    "critical_findings": 0,
    "avg_time_to_remediate": 0.0,
    "coverage_percentage": 75.0
  },
  "health": {
    "status": "degraded",
    "uptime_seconds": 1.628302,
    "uptime_hours": 0.00045230611111111106,
    "performance_score": 50.0,
    "error_rate": 1.0,
    "throughput": 0.614147627578422,
    "last_updated": "2025-10-28T13:15:17.484553+00:00"
  },
  "memory": {
    "cache_size_mb": 6.103515625e-05,
    "cache_entries": 0,
    "memory_limit_mb": 2048
  },
  "framework": {
    "version": "4.1.0",
    "available_exploits": 2,
    "ml_enabled": true,
    "evasion_enabled": false,
    "compliance_frameworks": 5,
    "active_schedules": 0,
    "cached_results": 0
  },
  "alerts": [
    {
      "type": "high_error_rate",
      "severity": "warning",
      "message": "Error rate 100.0% exceeds threshold 15.0%",
      "timestamp": "2025-10-28T13:15:17.484603+00:00"
    }
  ]
}
2025-10-28 18:45:17,485 - root - INFO - Framework shutdown complete
2025-10-28 18:46:13,907 - root - INFO - Running in automated scan mode - No RoE validation required
2025-10-28 18:46:14,082 - root - INFO - Production CVE Framework v4.3 Automated Edition initialized [Mode: scan]
2025-10-28 18:46:14,082 - root - INFO - Starting scan of 1 targets in scan mode
2025-10-28 18:46:14,108 - root - INFO - Performing target intelligence gathering...
2025-10-28 18:46:15,550 - root - INFO - Target http://testphp.vulnweb.com:80: Nginx, Unknown, PHP
2025-10-28 18:46:15,587 - root - INFO - [ML Advisory] Predicted success for CVE-2024-SQL_INJECTION on http://testphp.vulnweb.com:80: 70.00%
2025-10-28 18:46:15,588 - root - INFO - Executing 1 tasks in scan mode...
2025-10-28 18:46:15,623 - root - INFO - Adaptive learning updated: 0 patterns learned
2025-10-28 18:46:15,651 - root - INFO - Scan completed: 1 results in 0.00s
2025-10-28 18:46:15,678 - root - INFO - JSON report generated: reports\security_assessment.json
2025-10-28 18:46:15,708 - root - INFO - Enhanced enterprise report generated: reports\security_assessment.json
2025-10-28 18:46:15,710 - root - INFO - Final Metrics: {
  "execution": {
    "total_executions": 1,
    "successful": 1,
    "failed": 0,
    "timeouts": 0,
    "blocked": 0
  },
  "performance": {
    "total_requests": 1,
    "successful_requests": 0,
    "failed_requests": 1,
    "avg_response_time": 3.123283386230469e-05,
    "requests_per_second": 0.6013478610958602
  },
  "business_kpis": {
    "total_vulnerabilities": 0,
    "targets_scanned": 1,
    "critical_findings": 0,
    "avg_time_to_remediate": 0.0,
    "coverage_percentage": 75.0
  },
  "health": {
    "status": "degraded",
    "uptime_seconds": 1.662954,
    "uptime_hours": 0.0004619316666666667,
    "performance_score": 50.0,
    "error_rate": 1.0,
    "throughput": 0.6013478610958602,
    "last_updated": "2025-10-28T13:16:15.710007+00:00"
  },
  "memory": {
    "cache_size_mb": 6.103515625e-05,
    "cache_entries": 0,
    "memory_limit_mb": 2048
  },
  "framework": {
    "version": "4.1.0",
    "available_exploits": 2,
    "ml_enabled": true,
    "evasion_enabled": false,
    "compliance_frameworks": 5,
    "active_schedules": 0,
    "cached_results": 0
  },
  "alerts": [
    {
      "type": "high_error_rate",
      "severity": "warning",
      "message": "Error rate 100.0% exceeds threshold 15.0%",
      "timestamp": "2025-10-28T13:16:15.710043+00:00"
    }
  ]
}
2025-10-28 18:46:15,710 - root - INFO - Framework shutdown complete
2025-10-28 18:47:49,587 - root - INFO - Running in automated scan mode - No RoE validation required
2025-10-28 18:47:49,793 - root - INFO - Production CVE Framework v4.3 Automated Edition initialized [Mode: scan]
2025-10-28 18:47:49,796 - root - INFO - Starting scan of 1 targets in scan mode
2025-10-28 18:47:49,827 - root - INFO - Performing target intelligence gathering...
2025-10-28 18:47:51,387 - root - INFO - Target http://testphp.vulnweb.com:80: Nginx, Unknown, PHP
2025-10-28 18:47:51,416 - root - INFO - [ML Advisory] Predicted success for CVE-2024-SQL_INJECTION on http://testphp.vulnweb.com:80: 70.00%
2025-10-28 18:47:51,417 - root - INFO - Executing 1 tasks in scan mode...
2025-10-28 18:47:52,896 - root - INFO - Adaptive learning updated: 0 patterns learned
2025-10-28 18:47:52,944 - root - INFO - Scan completed: 1 results in 1.46s
2025-10-28 18:47:52,949 - root - INFO - JSON report generated: reports\security_assessment.json
2025-10-28 18:47:52,985 - root - INFO - Enhanced enterprise report generated: reports\security_assessment.json
2025-10-28 18:47:52,989 - root - INFO - Final Metrics: {
  "execution": {
    "total_executions": 1,
    "successful": 1,
    "failed": 0,
    "timeouts": 0,
    "blocked": 0
  },
  "performance": {
    "total_requests": 1,
    "successful_requests": 0,
    "failed_requests": 1,
    "avg_response_time": 1.4556314945220947,
    "requests_per_second": 0.30994354688237086
  },
  "business_kpis": {
    "total_vulnerabilities": 0,
    "targets_scanned": 1,
    "critical_findings": 0,
    "avg_time_to_remediate": 0.0,
    "coverage_percentage": 75.0
  },
  "health": {
    "status": "degraded",
    "uptime_seconds": 3.226426,
    "uptime_hours": 0.0008962294444444445,
    "performance_score": 50.0,
    "error_rate": 1.0,
    "throughput": 0.30994354688237086,
    "last_updated": "2025-10-28T13:17:52.989227+00:00"
  },
  "memory": {
    "cache_size_mb": 6.103515625e-05,
    "cache_entries": 0,
    "memory_limit_mb": 2048
  },
  "framework": {
    "version": "4.1.0",
    "available_exploits": 2,
    "ml_enabled": true,
    "evasion_enabled": false,
    "compliance_frameworks": 5,
    "active_schedules": 0,
    "cached_results": 0
  },
  "alerts": [
    {
      "type": "high_error_rate",
      "severity": "warning",
      "message": "Error rate 100.0% exceeds threshold 15.0%",
      "timestamp": "2025-10-28T13:17:52.989282+00:00"
    }
  ]
}
2025-10-28 18:47:52,990 - root - INFO - Framework shutdown complete
2025-10-28 18:48:53,878 - root - INFO - Running in automated scan mode - No RoE validation required
2025-10-28 18:48:54,064 - root - INFO - Production CVE Framework v4.3 Automated Edition initialized [Mode: scan]
2025-10-28 18:48:54,066 - root - INFO - Starting scan of 1 targets in scan mode
2025-10-28 18:48:54,105 - root - INFO - Performing target intelligence gathering...
2025-10-28 18:48:57,122 - root - INFO - Target http://testphp.vulnweb.com:80: Nginx, Unknown, PHP
2025-10-28 18:48:57,165 - root - INFO - [ML Advisory] Predicted success for CVE-2024-SQL_INJECTION on http://testphp.vulnweb.com:80: 70.00%
2025-10-28 18:48:57,166 - root - INFO - Executing 1 tasks in scan mode...
2025-10-28 18:49:01,108 - root - INFO - Adaptive learning updated: 0 patterns learned
2025-10-28 18:49:01,147 - root - INFO - Scan completed: 1 results in 3.90s
2025-10-28 18:49:01,150 - root - INFO - JSON report generated: reports\security_assessment.json
2025-10-28 18:49:01,180 - root - INFO - Enhanced enterprise report generated: reports\security_assessment.json
2025-10-28 18:49:01,187 - root - INFO - Final Metrics: {
  "execution": {
    "total_executions": 1,
    "successful": 1,
    "failed": 0,
    "timeouts": 0,
    "blocked": 0
  },
  "performance": {
    "total_requests": 1,
    "successful_requests": 0,
    "failed_requests": 1,
    "avg_response_time": 3.899198532104492,
    "requests_per_second": 0.13945443472772429
  },
  "business_kpis": {
    "total_vulnerabilities": 0,
    "targets_scanned": 1,
    "critical_findings": 0,
    "avg_time_to_remediate": 0.0,
    "coverage_percentage": 75.0
  },
  "health": {
    "status": "degraded",
    "uptime_seconds": 7.170846,
    "uptime_hours": 0.0019919016666666667,
    "performance_score": 40.0,
    "error_rate": 1.0,
    "throughput": 0.13945443472772429,
    "last_updated": "2025-10-28T13:19:01.186791+00:00"
  },
  "memory": {
    "cache_size_mb": 6.103515625e-05,
    "cache_entries": 0,
    "memory_limit_mb": 2048
  },
  "framework": {
    "version": "4.1.0",
    "available_exploits": 2,
    "ml_enabled": true,
    "evasion_enabled": false,
    "compliance_frameworks": 5,
    "active_schedules": 0,
    "cached_results": 0
  },
  "alerts": [
    {
      "type": "high_error_rate",
      "severity": "warning",
      "message": "Error rate 100.0% exceeds threshold 15.0%",
      "timestamp": "2025-10-28T13:19:01.186895+00:00"
    }
  ]
}
2025-10-28 18:49:01,188 - root - INFO - Framework shutdown complete
2025-10-28 18:50:49,550 - root - INFO - Running in automated scan mode - No RoE validation required
2025-10-28 18:50:49,715 - root - INFO - Production CVE Framework v4.3 Automated Edition initialized [Mode: scan]
2025-10-28 18:50:49,717 - root - INFO - Starting scan of 1 targets in scan mode
2025-10-28 18:50:49,739 - root - INFO - Performing target intelligence gathering...
2025-10-28 18:50:54,148 - root - INFO - Target http://testphp.vulnweb.com:80: Nginx, Unknown, PHP
2025-10-28 18:50:54,217 - root - INFO - [ML Advisory] Predicted success for CVE-2024-SQL_INJECTION on http://testphp.vulnweb.com:80: 70.00%
2025-10-28 18:50:54,223 - root - INFO - Executing 1 tasks in scan mode...
2025-10-28 18:51:24,350 - root - INFO - Adaptive learning updated: 0 patterns learned
2025-10-28 18:51:24,352 - root - INFO - Scan completed: 1 results in 30.03s
2025-10-28 18:51:24,354 - root - INFO - JSON report generated: reports\security_assessment.json
2025-10-28 18:51:24,381 - root - INFO - Enhanced enterprise report generated: reports\security_assessment.json
2025-10-28 18:51:28,419 - root - INFO - Final Metrics: {
  "execution": {
    "total_executions": 1,
    "successful": 0,
    "failed": 0,
    "timeouts": 1,
    "blocked": 0
  },
  "performance": {
    "total_requests": 1,
    "successful_requests": 0,
    "failed_requests": 1,
    "avg_response_time": 0.0,
    "requests_per_second": 0.025835259761006795
  },
  "business_kpis": {
    "total_vulnerabilities": 0,
    "targets_scanned": 1,
    "critical_findings": 0,
    "avg_time_to_remediate": 0.0,
    "coverage_percentage": 75.0
  },
  "health": {
    "status": "degraded",
    "uptime_seconds": 38.70684,
    "uptime_hours": 0.0107519,
    "performance_score": 50.0,
    "error_rate": 1.0,
    "throughput": 0.025835259761006795,
    "last_updated": "2025-10-28T13:21:28.419296+00:00"
  },
  "memory": {
    "cache_size_mb": 6.103515625e-05,
    "cache_entries": 0,
    "memory_limit_mb": 2048
  },
  "framework": {
    "version": "4.1.0",
    "available_exploits": 2,
    "ml_enabled": true,
    "evasion_enabled": false,
    "compliance_frameworks": 5,
    "active_schedules": 0,
    "cached_results": 0
  },
  "alerts": [
    {
      "type": "high_error_rate",
      "severity": "warning",
      "message": "Error rate 100.0% exceeds threshold 15.0%",
      "timestamp": "2025-10-28T13:21:28.419385+00:00"
    }
  ]
}
2025-10-28 18:51:28,420 - root - INFO - Framework shutdown complete
2025-10-28 18:54:11,770 - root - INFO - Running in automated scan mode - No RoE validation required
2025-10-28 18:54:11,910 - root - INFO - Production CVE Framework v4.3 Automated Edition initialized [Mode: scan]
2025-10-28 18:54:11,911 - root - INFO - Starting scan of 1 targets in scan mode
2025-10-28 18:54:11,937 - root - INFO - Performing target intelligence gathering...
2025-10-28 18:54:13,372 - root - INFO - Target http://testphp.vulnweb.com:80: Nginx, Unknown, PHP
2025-10-28 18:54:13,396 - root - INFO - [ML Advisory] Predicted success for CVE-2024-SQL_INJECTION on http://testphp.vulnweb.com:80: 70.00%
2025-10-28 18:54:13,396 - root - INFO - Executing 1 tasks in scan mode...
2025-10-28 18:54:16,340 - root - INFO - Adaptive learning updated: 1 patterns learned
2025-10-28 18:54:16,373 - root - INFO - Scan completed: 1 results in 2.88s
2025-10-28 18:54:16,376 - root - INFO - JSON report generated: reports\security_assessment.json
2025-10-28 18:54:16,411 - root - INFO - Enhanced enterprise report generated: reports\security_assessment.json
2025-10-28 18:54:16,412 - root - INFO - Final Metrics: {
  "execution": {
    "total_executions": 1,
    "successful": 1,
    "failed": 0,
    "timeouts": 0,
    "blocked": 0
  },
  "performance": {
    "total_requests": 1,
    "successful_requests": 1,
    "failed_requests": 0,
    "avg_response_time": 2.8752012252807617,
    "requests_per_second": 0.22201836003030107
  },
  "business_kpis": {
    "total_vulnerabilities": 1,
    "targets_scanned": 1,
    "critical_findings": 0,
    "avg_time_to_remediate": 0.0,
    "coverage_percentage": 75.0
  },
  "health": {
    "status": "healthy",
    "uptime_seconds": 4.504153,
    "uptime_hours": 0.001251153611111111,
    "performance_score": 90.0,
    "error_rate": 0.0,
    "throughput": 0.22201836003030107,
    "last_updated": "2025-10-28T13:24:16.412578+00:00"
  },
  "memory": {
    "cache_size_mb": 6.103515625e-05,
    "cache_entries": 0,
    "memory_limit_mb": 2048
  },
  "framework": {
    "version": "4.1.0",
    "available_exploits": 2,
    "ml_enabled": true,
    "evasion_enabled": false,
    "compliance_frameworks": 5,
    "active_schedules": 0,
    "cached_results": 0
  },
  "alerts": []
}
2025-10-28 18:54:16,412 - root - INFO - Framework shutdown complete
2025-10-28 18:54:48,269 - root - INFO - Running in automated scan mode - No RoE validation required
2025-10-28 18:54:48,455 - root - INFO - Production CVE Framework v4.3 Automated Edition initialized [Mode: scan]
2025-10-28 18:54:48,458 - root - INFO - Starting scan of 1 targets in scan mode
2025-10-28 18:54:48,494 - root - INFO - Performing target intelligence gathering...
2025-10-28 18:54:49,925 - root - INFO - Target http://testphp.vulnweb.com:80: Nginx, Unknown, PHP
2025-10-28 18:54:49,956 - root - INFO - [ML Advisory] Predicted success for CVE-2024-SQL_INJECTION on http://testphp.vulnweb.com:80: 70.00%
2025-10-28 18:54:49,957 - root - INFO - Executing 1 tasks in scan mode...
2025-10-28 18:54:52,863 - root - INFO - Adaptive learning updated: 1 patterns learned
2025-10-28 18:54:52,903 - root - INFO - Scan completed: 1 results in 2.84s
2025-10-28 18:54:52,905 - root - INFO - JSON report generated: reports\security_assessment.json
2025-10-28 18:54:52,941 - root - INFO - Enhanced enterprise report generated: reports\security_assessment.json
2025-10-28 18:54:52,949 - root - INFO - Final Metrics: {
  "execution": {
    "total_executions": 1,
    "successful": 1,
    "failed": 0,
    "timeouts": 0,
    "blocked": 0
  },
  "performance": {
    "total_requests": 1,
    "successful_requests": 1,
    "failed_requests": 0,
    "avg_response_time": 2.8388872146606445,
    "requests_per_second": 0.22076872996385796
  },
  "business_kpis": {
    "total_vulnerabilities": 1,
    "targets_scanned": 1,
    "critical_findings": 0,
    "avg_time_to_remediate": 0.0,
    "coverage_percentage": 75.0
  },
  "health": {
    "status": "healthy",
    "uptime_seconds": 4.529692,
    "uptime_hours": 0.0012582477777777778,
    "performance_score": 90.0,
    "error_rate": 0.0,
    "throughput": 0.22076872996385796,
    "last_updated": "2025-10-28T13:24:52.949455+00:00"
  },
  "memory": {
    "cache_size_mb": 6.103515625e-05,
    "cache_entries": 0,
    "memory_limit_mb": 2048
  },
  "framework": {
    "version": "4.1.0",
    "available_exploits": 2,
    "ml_enabled": true,
    "evasion_enabled": false,
    "compliance_frameworks": 5,
    "active_schedules": 0,
    "cached_results": 0
  },
  "alerts": []
}
2025-10-28 18:54:52,952 - root - INFO - Framework shutdown complete
